android/cranpose-android-notifications/build/intermediates/manifest_merge_blame_file/release/processReleaseManifest/manifest-merger-blame-release-report.txt
1<?xml version="1.0" encoding="utf-8"?>
2<!--
3 User-visible notifications. The vibrator the haptics service drives is a
4     separate module: an application that buzzes need not ask to notify.
5-->
6<manifest xmlns:android="http://schemas.android.com/apk/res/android"
7    package="dev.cranpose.android.notifications" >
8
9    <uses-sdk android:minSdkVersion="24" />
9-->INJECTED
9-->INJECTED
10
11    <uses-permission android:name="android.permission.POST_NOTIFICATIONS" />
11-->src/main/AndroidManifest.xml:5:5-77
11-->src/main/AndroidManifest.xml:5:22-74
12
13</manifest>